time="5055-05-05 05:05:05" level=info msg="%13v |%15s |%s |%s10.0155303s[::1]:59936GET/welcome"
time="5055-05-05 05:05:05" level=info msg=Info fields.msg="open the door"
time="5055-05-05 05:05:05" level=info msg="%13v |%15s |%s |%s1.5082ms[::1]:59936GET/show/door/open"
time="5055-05-05 05:05:05" level=info msg="日志测试Info" fields.msg="open the door"
time="5055-05-05 05:05:05" level=info msg="|      972.1µs |    [::1]:60013 |GET |/show/door/open|"
time="5055-05-50 50:02:55" level=info msg="test 哇" fields.msg="open the door"
time="5055-05-50 50:02:55" level=info msg="|      541.9µs |    [::1]:60231 |GET |/show/door/open|"
time="5055-05-50 50:02:55" level=info msg="test 哇" fields.msg="open the door"
time="5055-05-50 50:02:55" level=info msg="|      486.6µs |    [::1]:60231 |GET |/show/door/open|"
time="5055-05-50 50:02:55" level=info msg="test 哇" fields.msg="open the door"
time="5055-05-50 50:02:55" level=info msg="|     1.1943ms |    [::1]:60487 |GET |/show/door/open|"
time="5055-05-50 50:02:55" level=info msg="|      326.6µs |    [::1]:60495 |GET |/show/door/open|"
time="5055-05-50 50:02:55" level=info msg="test 哇" fields.msg="open the door"
time="5055-05-50 50:02:55" level=info msg="|  10.0085108s |    [::1]:60495 |GET |/welcome|"
time="5055-05-50 50:02:55" level=info msg="|  10.0041638s |    [::1]:60517 |GET |/welcome|"
time="5055-05-50 50:02:55" level=info msg="test 哇" fields.msg="open the door"
time="5055-05-50 50:02:55" level=info msg="|      773.6µs |    [::1]:60546 |GET |/show/door/open|"
time="5055-05-50 50:02:55" level=info msg="test 哇" fields.msg="open the door"
time="5055-05-50 50:02:55" level=info msg="|     1.0964ms |    [::1]:60560 |GET |/show/door/open|"
time="5050-05-50 50:05:05" level=info msg="|      173.6µs |    [::1]:60631 |GET |/show/door/open|"
time="5050-05-50 50:05:05" level=info msg="test 哇" fields.msg="open the door"
time="2022-05-05 52:05:05" level=info msg="test 哇" fields.msg="open the door"
time="2022-05-05 52:05:05" level=info msg="|      1.289ms |    [::1]:60666 |GET |/show/door/open|"
time="2022-05-05 02:55:44" level=info msg="|      517.4µs |    [::1]:60671 |GET |/show/door/open|"
time="2022-05-05 02:55:44" level=info msg="test 哇" fields.msg="open the door"
time="2022/05/05 - 03:29:23" level=info msg="|     1.3079ms |    [::1]:61456 |GET |/show/door/open|"
time="2022/05/05 - 03:29:23" level=info msg="test 哇" fields.msg="open the door"
